<?xml version="1.0" encoding="UTF-8"?>
<coverage generated="1775449908573" clover="3.2.0">
  <project timestamp="1775449908573" name="All files">
    <metrics statements="109" coveredstatements="105" conditionals="66" coveredconditionals="60" methods="48" coveredmethods="47" elements="223" coveredelements="212" complexity="0" loc="109" ncloc="109" packages="1" files="1" classes="1"/>
    <file name="app.js" path="/home/runner/work/jga-os/jga-os/app.js">
      <metrics statements="109" coveredstatements="105" conditionals="66" coveredconditionals="60" methods="48" coveredmethods="47"/>
      <line num="15" count="29" type="cond" truecount="2" falsecount="0"/>
      <line num="16" count="28" type="stmt"/>
      <line num="17" count="28" type="cond" truecount="2" falsecount="0"/>
      <line num="18" count="28" type="stmt"/>
      <line num="19" count="28" type="stmt"/>
      <line num="21" count="28" type="stmt"/>
      <line num="22" count="2" type="stmt"/>
      <line num="23" count="2" type="cond" truecount="2" falsecount="0"/>
      <line num="29" count="67" type="cond" truecount="4" falsecount="0"/>
      <line num="30" count="65" type="stmt"/>
      <line num="35" count="19" type="cond" truecount="2" falsecount="0"/>
      <line num="36" count="18" type="stmt"/>
      <line num="38" count="18" type="stmt"/>
      <line num="39" count="51" type="stmt"/>
      <line num="42" count="18" type="stmt"/>
      <line num="46" count="2" type="stmt"/>
      <line num="51" count="14" type="stmt"/>
      <line num="62" count="22" type="cond" truecount="2" falsecount="0"/>
      <line num="63" count="21" type="stmt"/>
      <line num="64" count="21" type="stmt"/>
      <line num="69" count="19" type="stmt"/>
      <line num="70" count="19" type="stmt"/>
      <line num="75" count="1" type="stmt"/>
      <line num="80" count="2" type="stmt"/>
      <line num="85" count="2" type="stmt"/>
      <line num="93" count="26" type="stmt"/>
      <line num="102" count="61" type="cond" truecount="2" falsecount="0"/>
      <line num="103" count="60" type="cond" truecount="4" falsecount="0"/>
      <line num="104" count="1" type="stmt"/>
      <line num="106" count="59" type="cond" truecount="4" falsecount="0"/>
      <line num="111" count="26" type="stmt"/>
      <line num="116" count="5" type="stmt"/>
      <line num="121" count="4" type="stmt"/>
      <line num="126" count="2" type="stmt"/>
      <line num="138" count="26" type="cond" truecount="2" falsecount="0"/>
      <line num="139" count="25" type="stmt"/>
      <line num="140" count="25" type="cond" truecount="2" falsecount="0"/>
      <line num="141" count="25" type="stmt"/>
      <line num="146" count="24" type="stmt"/>
      <line num="150" count="1" type="stmt"/>
      <line num="155" count="22" type="cond" truecount="2" falsecount="0"/>
      <line num="156" count="21" type="stmt"/>
      <line num="157" count="62" type="stmt"/>
      <line num="162" count="17" type="cond" truecount="2" falsecount="0"/>
      <line num="163" count="15" type="stmt"/>
      <line num="164" count="15" type="stmt"/>
      <line num="170" count="5" type="stmt"/>
      <line num="174" count="83" type="cond" truecount="2" falsecount="0"/>
      <line num="175" count="81" type="stmt"/>
      <line num="176" count="81" type="stmt"/>
      <line num="187" count="34" type="cond" truecount="2" falsecount="0"/>
      <line num="188" count="33" type="stmt"/>
      <line num="189" count="33" type="stmt"/>
      <line num="199" count="31" type="cond" truecount="2" falsecount="0"/>
      <line num="200" count="30" type="stmt"/>
      <line num="201" count="30" type="stmt"/>
      <line num="202" count="30" type="stmt"/>
      <line num="204" count="30" type="cond" truecount="2" falsecount="0"/>
      <line num="205" count="20" type="stmt"/>
      <line num="207" count="30" type="stmt"/>
      <line num="212" count="14" type="cond" truecount="4" falsecount="0"/>
      <line num="213" count="13" type="stmt"/>
      <line num="214" count="18" type="stmt"/>
      <line num="220" count="11" type="stmt"/>
      <line num="225" count="10" type="stmt"/>
      <line num="229" count="30" type="stmt"/>
      <line num="230" count="30" type="stmt"/>
      <line num="231" count="30" type="stmt"/>
      <line num="232" count="30" type="stmt"/>
      <line num="233" count="30" type="stmt"/>
      <line num="253" count="15" type="stmt"/>
      <line num="254" count="15" type="stmt"/>
      <line num="255" count="15" type="stmt"/>
      <line num="256" count="15" type="cond" truecount="1" falsecount="1"/>
      <line num="258" count="15" type="stmt"/>
      <line num="261" count="15" type="stmt"/>
      <line num="262" count="45" type="stmt"/>
      <line num="265" count="15" type="stmt"/>
      <line num="266" count="15" type="stmt"/>
      <line num="270" count="15" type="stmt"/>
      <line num="272" count="3" type="stmt"/>
      <line num="278" count="15" type="stmt"/>
      <line num="280" count="2" type="stmt"/>
      <line num="286" count="15" type="stmt"/>
      <line num="289" count="3" type="stmt"/>
      <line num="292" count="10" type="stmt"/>
      <line num="293" count="10" type="stmt"/>
      <line num="296" count="3" type="stmt"/>
      <line num="303" count="12" type="stmt"/>
      <line num="304" count="12" type="cond" truecount="2" falsecount="0"/>
      <line num="305" count="2" type="stmt"/>
      <line num="306" count="2" type="stmt"/>
      <line num="308" count="10" type="stmt"/>
      <line num="309" count="10" type="stmt"/>
      <line num="310" count="10" type="cond" truecount="1" falsecount="1"/>
      <line num="311" count="10" type="stmt"/>
      <line num="317" count="10" type="stmt"/>
      <line num="319" count="10" type="cond" truecount="2" falsecount="0"/>
      <line num="320" count="2" type="stmt"/>
      <line num="326" count="9" type="stmt"/>
      <line num="327" count="9" type="cond" truecount="1" falsecount="1"/>
      <line num="328" count="9" type="stmt"/>
      <line num="334" count="1" type="cond" truecount="4" falsecount="1"/>
      <line num="335" count="0" type="stmt"/>
      <line num="336" count="0" type="stmt"/>
      <line num="345" count="0" type="stmt"/>
      <line num="346" count="0" type="stmt"/>
      <line num="352" count="1" type="cond" truecount="3" falsecount="1"/>
      <line num="353" count="1" type="stmt"/>
    </file>
  </project>
</coverage>
