{"/home/runner/work/jga-os/jga-os/app.js": {"path":"/home/runner/work/jga-os/jga-os/app.js","statementMap":{"0":{"start":{"line":15,"column":4},"end":{"line":15,"column":68}},"1":{"start":{"line":15,"column":17},"end":{"line":15,"column":68}},"2":{"start":{"line":16,"column":4},"end":{"line":16,"column":24}},"3":{"start":{"line":17,"column":4},"end":{"line":17,"column":74}},"4":{"start":{"line":18,"column":4},"end":{"line":18,"column":27}},"5":{"start":{"line":19,"column":4},"end":{"line":19,"column":23}},"6":{"start":{"line":21,"column":4},"end":{"line":24,"column":7}},"7":{"start":{"line":22,"column":18},"end":{"line":22,"column":48}},"8":{"start":{"line":23,"column":6},"end":{"line":23,"column":50}},"9":{"start":{"line":23,"column":15},"end":{"line":23,"column":50}},"10":{"start":{"line":29,"column":4},"end":{"line":29,"column":36}},"11":{"start":{"line":29,"column":29},"end":{"line":29,"column":36}},"12":{"start":{"line":30,"column":4},"end":{"line":30,"column":36}},"13":{"start":{"line":35,"column":4},"end":{"line":35,"column":42}},"14":{"start":{"line":35,"column":35},"end":{"line":35,"column":42}},"15":{"start":{"line":36,"column":4},"end":{"line":36,"column":28}},"16":{"start":{"line":38,"column":4},"end":{"line":40,"column":7}},"17":{"start":{"line":39,"column":6},"end":{"line":39,"column":51}},"18":{"start":{"line":42,"column":4},"end":{"line":42,"column":26}},"19":{"start":{"line":46,"column":4},"end":{"line":46,"column":27}},"20":{"start":{"line":51,"column":4},"end":{"line":51,"column":32}},"21":{"start":{"line":62,"column":4},"end":{"line":62,"column":74}},"22":{"start":{"line":62,"column":19},"end":{"line":62,"column":74}},"23":{"start":{"line":63,"column":4},"end":{"line":63,"column":28}},"24":{"start":{"line":64,"column":4},"end":{"line":64,"column":23}},"25":{"start":{"line":69,"column":4},"end":{"line":69,"column":34}},"26":{"start":{"line":70,"column":4},"end":{"line":70,"column":29}},"27":{"start":{"line":75,"column":4},"end":{"line":75,"column":34}},"28":{"start":{"line":80,"column":4},"end":{"line":80,"column":32}},"29":{"start":{"line":85,"column":4},"end":{"line":85,"column":32}},"30":{"start":{"line":93,"column":4},"end":{"line":93,"column":20}},"31":{"start":{"line":102,"column":4},"end":{"line":102,"column":60}},"32":{"start":{"line":102,"column":13},"end":{"line":102,"column":60}},"33":{"start":{"line":103,"column":4},"end":{"line":105,"column":5}},"34":{"start":{"line":104,"column":6},"end":{"line":104,"column":80}},"35":{"start":{"line":106,"column":4},"end":{"line":106,"column":99}},"36":{"start":{"line":111,"column":4},"end":{"line":111,"column":26}},"37":{"start":{"line":116,"column":4},"end":{"line":116,"column":35}},"38":{"start":{"line":121,"column":4},"end":{"line":121,"column":64}},"39":{"start":{"line":126,"column":4},"end":{"line":126,"column":26}},"40":{"start":{"line":138,"column":4},"end":{"line":138,"column":75}},"41":{"start":{"line":138,"column":19},"end":{"line":138,"column":75}},"42":{"start":{"line":139,"column":4},"end":{"line":139,"column":30}},"43":{"start":{"line":140,"column":4},"end":{"line":140,"column":36}},"44":{"start":{"line":141,"column":4},"end":{"line":141,"column":31}},"45":{"start":{"line":146,"column":4},"end":{"line":146,"column":38}},"46":{"start":{"line":150,"column":4},"end":{"line":150,"column":38}},"47":{"start":{"line":155,"column":4},"end":{"line":155,"column":36}},"48":{"start":{"line":155,"column":29},"end":{"line":155,"column":36}},"49":{"start":{"line":156,"column":4},"end":{"line":156,"column":17}},"50":{"start":{"line":157,"column":4},"end":{"line":157,"column":64}},"51":{"start":{"line":157,"column":44},"end":{"line":157,"column":56}},"52":{"start":{"line":162,"column":4},"end":{"line":165,"column":5}},"53":{"start":{"line":163,"column":6},"end":{"line":163,"column":41}},"54":{"start":{"line":164,"column":6},"end":{"line":164,"column":33}},"55":{"start":{"line":170,"column":4},"end":{"line":170,"column":40}},"56":{"start":{"line":174,"column":4},"end":{"line":174,"column":31}},"57":{"start":{"line":174,"column":24},"end":{"line":174,"column":31}},"58":{"start":{"line":175,"column":16},"end":{"line":175,"column":26}},"59":{"start":{"line":176,"column":4},"end":{"line":176,"column":99}},"60":{"start":{"line":187,"column":4},"end":{"line":187,"column":86}},"61":{"start":{"line":187,"column":22},"end":{"line":187,"column":86}},"62":{"start":{"line":188,"column":4},"end":{"line":188,"column":34}},"63":{"start":{"line":189,"column":4},"end":{"line":189,"column":21}},"64":{"start":{"line":199,"column":4},"end":{"line":199,"column":25}},"65":{"start":{"line":199,"column":18},"end":{"line":199,"column":25}},"66":{"start":{"line":200,"column":18},"end":{"line":200,"column":50}},"67":{"start":{"line":201,"column":4},"end":{"line":201,"column":39}},"68":{"start":{"line":202,"column":4},"end":{"line":202,"column":28}},"69":{"start":{"line":204,"column":4},"end":{"line":206,"column":5}},"70":{"start":{"line":205,"column":6},"end":{"line":205,"column":54}},"71":{"start":{"line":205,"column":23},"end":{"line":205,"column":42}},"72":{"start":{"line":207,"column":4},"end":{"line":207,"column":17}},"73":{"start":{"line":212,"column":4},"end":{"line":215,"column":5}},"74":{"start":{"line":213,"column":6},"end":{"line":213,"column":41}},"75":{"start":{"line":214,"column":6},"end":{"line":214,"column":59}},"76":{"start":{"line":214,"column":46},"end":{"line":214,"column":57}},"77":{"start":{"line":220,"column":4},"end":{"line":220,"column":53}},"78":{"start":{"line":220,"column":36},"end":{"line":220,"column":51}},"79":{"start":{"line":225,"column":4},"end":{"line":225,"column":30}},"80":{"start":{"line":229,"column":15},"end":{"line":229,"column":44}},"81":{"start":{"line":230,"column":4},"end":{"line":230,"column":56}},"82":{"start":{"line":231,"column":4},"end":{"line":231,"column":29}},"83":{"start":{"line":232,"column":4},"end":{"line":232,"column":37}},"84":{"start":{"line":233,"column":4},"end":{"line":233,"column":14}},"85":{"start":{"line":253,"column":4},"end":{"line":253,"column":41}},"86":{"start":{"line":254,"column":4},"end":{"line":254,"column":53}},"87":{"start":{"line":255,"column":4},"end":{"line":255,"column":64}},"88":{"start":{"line":256,"column":4},"end":{"line":256,"column":81}},"89":{"start":{"line":258,"column":4},"end":{"line":258,"column":79}},"90":{"start":{"line":258,"column":58},"end":{"line":258,"column":77}},"91":{"start":{"line":261,"column":4},"end":{"line":263,"column":7}},"92":{"start":{"line":262,"column":6},"end":{"line":262,"column":60}},"93":{"start":{"line":265,"column":4},"end":{"line":265,"column":32}},"94":{"start":{"line":266,"column":4},"end":{"line":266,"column":37}},"95":{"start":{"line":270,"column":4},"end":{"line":276,"column":7}},"96":{"start":{"line":272,"column":20},"end":{"line":275,"column":45}},"97":{"start":{"line":278,"column":4},"end":{"line":284,"column":7}},"98":{"start":{"line":280,"column":20},"end":{"line":283,"column":42}},"99":{"start":{"line":286,"column":4},"end":{"line":298,"column":7}},"100":{"start":{"line":289,"column":21},"end":{"line":295,"column":19}},"101":{"start":{"line":292,"column":24},"end":{"line":292,"column":48}},"102":{"start":{"line":293,"column":12},"end":{"line":293,"column":79}},"103":{"start":{"line":296,"column":8},"end":{"line":296,"column":57}},"104":{"start":{"line":303,"column":16},"end":{"line":303,"column":43}},"105":{"start":{"line":304,"column":4},"end":{"line":307,"column":5}},"106":{"start":{"line":305,"column":6},"end":{"line":305,"column":61}},"107":{"start":{"line":306,"column":6},"end":{"line":306,"column":13}},"108":{"start":{"line":308,"column":4},"end":{"line":308,"column":44}},"109":{"start":{"line":309,"column":4},"end":{"line":309,"column":45}},"110":{"start":{"line":310,"column":4},"end":{"line":312,"column":5}},"111":{"start":{"line":311,"column":6},"end":{"line":311,"column":73}},"112":{"start":{"line":317,"column":4},"end":{"line":317,"column":41}},"113":{"start":{"line":319,"column":4},"end":{"line":321,"column":5}},"114":{"start":{"line":320,"column":6},"end":{"line":320,"column":26}},"115":{"start":{"line":326,"column":4},"end":{"line":326,"column":36}},"116":{"start":{"line":327,"column":4},"end":{"line":327,"column":72}},"117":{"start":{"line":327,"column":34},"end":{"line":327,"column":72}},"118":{"start":{"line":328,"column":4},"end":{"line":328,"column":47}},"119":{"start":{"line":334,"column":0},"end":{"line":348,"column":1}},"120":{"start":{"line":335,"column":2},"end":{"line":347,"column":5}},"121":{"start":{"line":336,"column":15},"end":{"line":342,"column":6}},"122":{"start":{"line":345,"column":4},"end":{"line":345,"column":22}},"123":{"start":{"line":346,"column":4},"end":{"line":346,"column":24}},"124":{"start":{"line":352,"column":0},"end":{"line":354,"column":1}},"125":{"start":{"line":353,"column":2},"end":{"line":353,"column":107}}},"fnMap":{"0":{"name":"(anonymous_0)","decl":{"start":{"line":14,"column":2},"end":{"line":14,"column":3}},"loc":{"start":{"line":14,"column":32},"end":{"line":25,"column":3}},"line":14},"1":{"name":"(anonymous_1)","decl":{"start":{"line":17,"column":65},"end":{"line":17,"column":66}},"loc":{"start":{"line":17,"column":71},"end":{"line":17,"column":73}},"line":17},"2":{"name":"(anonymous_2)","decl":{"start":{"line":21,"column":41},"end":{"line":21,"column":42}},"loc":{"start":{"line":21,"column":48},"end":{"line":24,"column":5}},"line":21},"3":{"name":"(anonymous_3)","decl":{"start":{"line":28,"column":2},"end":{"line":28,"column":3}},"loc":{"start":{"line":28,"column":34},"end":{"line":31,"column":3}},"line":28},"4":{"name":"(anonymous_4)","decl":{"start":{"line":34,"column":2},"end":{"line":34,"column":3}},"loc":{"start":{"line":34,"column":22},"end":{"line":43,"column":3}},"line":34},"5":{"name":"(anonymous_5)","decl":{"start":{"line":38,"column":42},"end":{"line":38,"column":43}},"loc":{"start":{"line":38,"column":57},"end":{"line":40,"column":5}},"line":38},"6":{"name":"(anonymous_6)","decl":{"start":{"line":45,"column":2},"end":{"line":45,"column":3}},"loc":{"start":{"line":45,"column":17},"end":{"line":47,"column":3}},"line":45},"7":{"name":"(anonymous_7)","decl":{"start":{"line":50,"column":2},"end":{"line":50,"column":3}},"loc":{"start":{"line":50,"column":15},"end":{"line":52,"column":3}},"line":50},"8":{"name":"(anonymous_8)","decl":{"start":{"line":61,"column":2},"end":{"line":61,"column":3}},"loc":{"start":{"line":61,"column":24},"end":{"line":65,"column":3}},"line":61},"9":{"name":"(anonymous_9)","decl":{"start":{"line":68,"column":2},"end":{"line":68,"column":3}},"loc":{"start":{"line":68,"column":15},"end":{"line":71,"column":3}},"line":68},"10":{"name":"(anonymous_10)","decl":{"start":{"line":74,"column":2},"end":{"line":74,"column":3}},"loc":{"start":{"line":74,"column":15},"end":{"line":76,"column":3}},"line":74},"11":{"name":"(anonymous_11)","decl":{"start":{"line":79,"column":2},"end":{"line":79,"column":3}},"loc":{"start":{"line":79,"column":18},"end":{"line":81,"column":3}},"line":79},"12":{"name":"(anonymous_12)","decl":{"start":{"line":84,"column":2},"end":{"line":84,"column":3}},"loc":{"start":{"line":84,"column":10},"end":{"line":86,"column":3}},"line":84},"13":{"name":"(anonymous_13)","decl":{"start":{"line":92,"column":2},"end":{"line":92,"column":3}},"loc":{"start":{"line":92,"column":16},"end":{"line":94,"column":3}},"line":92},"14":{"name":"(anonymous_14)","decl":{"start":{"line":101,"column":2},"end":{"line":101,"column":3}},"loc":{"start":{"line":101,"column":23},"end":{"line":107,"column":3}},"line":101},"15":{"name":"(anonymous_15)","decl":{"start":{"line":110,"column":2},"end":{"line":110,"column":3}},"loc":{"start":{"line":110,"column":10},"end":{"line":112,"column":3}},"line":110},"16":{"name":"(anonymous_16)","decl":{"start":{"line":115,"column":2},"end":{"line":115,"column":3}},"loc":{"start":{"line":115,"column":9},"end":{"line":117,"column":3}},"line":115},"17":{"name":"(anonymous_17)","decl":{"start":{"line":120,"column":2},"end":{"line":120,"column":3}},"loc":{"start":{"line":120,"column":10},"end":{"line":122,"column":3}},"line":120},"18":{"name":"(anonymous_18)","decl":{"start":{"line":125,"column":2},"end":{"line":125,"column":3}},"loc":{"start":{"line":125,"column":17},"end":{"line":127,"column":3}},"line":125},"19":{"name":"(anonymous_19)","decl":{"start":{"line":137,"column":2},"end":{"line":137,"column":3}},"loc":{"start":{"line":137,"column":33},"end":{"line":142,"column":3}},"line":137},"20":{"name":"(anonymous_20)","decl":{"start":{"line":145,"column":2},"end":{"line":145,"column":3}},"loc":{"start":{"line":145,"column":18},"end":{"line":147,"column":3}},"line":145},"21":{"name":"(anonymous_21)","decl":{"start":{"line":149,"column":2},"end":{"line":149,"column":3}},"loc":{"start":{"line":149,"column":14},"end":{"line":151,"column":3}},"line":149},"22":{"name":"(anonymous_22)","decl":{"start":{"line":154,"column":2},"end":{"line":154,"column":3}},"loc":{"start":{"line":154,"column":15},"end":{"line":158,"column":3}},"line":154},"23":{"name":"(anonymous_23)","decl":{"start":{"line":157,"column":38},"end":{"line":157,"column":39}},"loc":{"start":{"line":157,"column":44},"end":{"line":157,"column":56}},"line":157},"24":{"name":"(anonymous_24)","decl":{"start":{"line":161,"column":2},"end":{"line":161,"column":3}},"loc":{"start":{"line":161,"column":14},"end":{"line":166,"column":3}},"line":161},"25":{"name":"(anonymous_25)","decl":{"start":{"line":169,"column":2},"end":{"line":169,"column":3}},"loc":{"start":{"line":169,"column":19},"end":{"line":171,"column":3}},"line":169},"26":{"name":"(anonymous_26)","decl":{"start":{"line":173,"column":2},"end":{"line":173,"column":3}},"loc":{"start":{"line":173,"column":10},"end":{"line":177,"column":3}},"line":173},"27":{"name":"(anonymous_27)","decl":{"start":{"line":186,"column":2},"end":{"line":186,"column":3}},"loc":{"start":{"line":186,"column":27},"end":{"line":190,"column":3}},"line":186},"28":{"name":"(anonymous_28)","decl":{"start":{"line":198,"column":2},"end":{"line":198,"column":3}},"loc":{"start":{"line":198,"column":48},"end":{"line":208,"column":3}},"line":198},"29":{"name":"(anonymous_29)","decl":{"start":{"line":205,"column":17},"end":{"line":205,"column":18}},"loc":{"start":{"line":205,"column":23},"end":{"line":205,"column":42}},"line":205},"30":{"name":"(anonymous_30)","decl":{"start":{"line":211,"column":2},"end":{"line":211,"column":3}},"loc":{"start":{"line":211,"column":17},"end":{"line":216,"column":3}},"line":211},"31":{"name":"(anonymous_31)","decl":{"start":{"line":214,"column":39},"end":{"line":214,"column":40}},"loc":{"start":{"line":214,"column":46},"end":{"line":214,"column":57}},"line":214},"32":{"name":"(anonymous_32)","decl":{"start":{"line":219,"column":2},"end":{"line":219,"column":3}},"loc":{"start":{"line":219,"column":15},"end":{"line":221,"column":3}},"line":219},"33":{"name":"(anonymous_33)","decl":{"start":{"line":220,"column":29},"end":{"line":220,"column":30}},"loc":{"start":{"line":220,"column":36},"end":{"line":220,"column":51}},"line":220},"34":{"name":"(anonymous_34)","decl":{"start":{"line":224,"column":2},"end":{"line":224,"column":3}},"loc":{"start":{"line":224,"column":10},"end":{"line":226,"column":3}},"line":224},"35":{"name":"(anonymous_35)","decl":{"start":{"line":228,"column":2},"end":{"line":228,"column":3}},"loc":{"start":{"line":228,"column":30},"end":{"line":234,"column":3}},"line":228},"36":{"name":"(anonymous_36)","decl":{"start":{"line":252,"column":2},"end":{"line":252,"column":3}},"loc":{"start":{"line":252,"column":69},"end":{"line":267,"column":3}},"line":252},"37":{"name":"(anonymous_37)","decl":{"start":{"line":258,"column":47},"end":{"line":258,"column":48}},"loc":{"start":{"line":258,"column":58},"end":{"line":258,"column":77}},"line":258},"38":{"name":"(anonymous_38)","decl":{"start":{"line":261,"column":50},"end":{"line":261,"column":51}},"loc":{"start":{"line":261,"column":59},"end":{"line":263,"column":5}},"line":261},"39":{"name":"(anonymous_39)","decl":{"start":{"line":269,"column":2},"end":{"line":269,"column":3}},"loc":{"start":{"line":269,"column":25},"end":{"line":299,"column":3}},"line":269},"40":{"name":"(anonymous_40)","decl":{"start":{"line":272,"column":14},"end":{"line":272,"column":15}},"loc":{"start":{"line":272,"column":20},"end":{"line":275,"column":45}},"line":272},"41":{"name":"(anonymous_41)","decl":{"start":{"line":280,"column":14},"end":{"line":280,"column":15}},"loc":{"start":{"line":280,"column":20},"end":{"line":283,"column":42}},"line":280},"42":{"name":"(anonymous_42)","decl":{"start":{"line":288,"column":14},"end":{"line":288,"column":15}},"loc":{"start":{"line":288,"column":20},"end":{"line":297,"column":7}},"line":288},"43":{"name":"(anonymous_43)","decl":{"start":{"line":291,"column":15},"end":{"line":291,"column":16}},"loc":{"start":{"line":291,"column":23},"end":{"line":294,"column":11}},"line":291},"44":{"name":"(anonymous_44)","decl":{"start":{"line":302,"column":2},"end":{"line":302,"column":3}},"loc":{"start":{"line":302,"column":17},"end":{"line":313,"column":3}},"line":302},"45":{"name":"(anonymous_45)","decl":{"start":{"line":316,"column":2},"end":{"line":316,"column":3}},"loc":{"start":{"line":316,"column":16},"end":{"line":322,"column":3}},"line":316},"46":{"name":"(anonymous_46)","decl":{"start":{"line":325,"column":2},"end":{"line":325,"column":3}},"loc":{"start":{"line":325,"column":13},"end":{"line":329,"column":3}},"line":325},"47":{"name":"(anonymous_47)","decl":{"start":{"line":335,"column":48},"end":{"line":335,"column":49}},"loc":{"start":{"line":335,"column":54},"end":{"line":347,"column":3}},"line":335}},"branchMap":{"0":{"loc":{"start":{"line":15,"column":4},"end":{"line":15,"column":68}},"type":"if","locations":[{"start":{"line":15,"column":4},"end":{"line":15,"column":68}},{"start":{},"end":{}}],"line":15},"1":{"loc":{"start":{"line":17,"column":21},"end":{"line":17,"column":73}},"type":"cond-expr","locations":[{"start":{"line":17,"column":54},"end":{"line":17,"column":62}},{"start":{"line":17,"column":65},"end":{"line":17,"column":73}}],"line":17},"2":{"loc":{"start":{"line":23,"column":6},"end":{"line":23,"column":50}},"type":"if","locations":[{"start":{"line":23,"column":6},"end":{"line":23,"column":50}},{"start":{},"end":{}}],"line":23},"3":{"loc":{"start":{"line":29,"column":4},"end":{"line":29,"column":36}},"type":"if","locations":[{"start":{"line":29,"column":4},"end":{"line":29,"column":36}},{"start":{},"end":{}}],"line":29},"4":{"loc":{"start":{"line":29,"column":8},"end":{"line":29,"column":27}},"type":"binary-expr","locations":[{"start":{"line":29,"column":8},"end":{"line":29,"column":14}},{"start":{"line":29,"column":18},"end":{"line":29,"column":27}}],"line":29},"5":{"loc":{"start":{"line":35,"column":4},"end":{"line":35,"column":42}},"type":"if","locations":[{"start":{"line":35,"column":4},"end":{"line":35,"column":42}},{"start":{},"end":{}}],"line":35},"6":{"loc":{"start":{"line":62,"column":4},"end":{"line":62,"column":74}},"type":"if","locations":[{"start":{"line":62,"column":4},"end":{"line":62,"column":74}},{"start":{},"end":{}}],"line":62},"7":{"loc":{"start":{"line":102,"column":4},"end":{"line":102,"column":60}},"type":"if","locations":[{"start":{"line":102,"column":4},"end":{"line":102,"column":60}},{"start":{},"end":{}}],"line":102},"8":{"loc":{"start":{"line":103,"column":4},"end":{"line":105,"column":5}},"type":"if","locations":[{"start":{"line":103,"column":4},"end":{"line":105,"column":5}},{"start":{},"end":{}}],"line":103},"9":{"loc":{"start":{"line":103,"column":8},"end":{"line":103,"column":54}},"type":"binary-expr","locations":[{"start":{"line":103,"column":8},"end":{"line":103,"column":15}},{"start":{"line":103,"column":19},"end":{"line":103,"column":54}}],"line":103},"10":{"loc":{"start":{"line":106,"column":30},"end":{"line":106,"column":48}},"type":"binary-expr","locations":[{"start":{"line":106,"column":30},"end":{"line":106,"column":42}},{"start":{"line":106,"column":46},"end":{"line":106,"column":48}}],"line":106},"11":{"loc":{"start":{"line":106,"column":56},"end":{"line":106,"column":73}},"type":"binary-expr","locations":[{"start":{"line":106,"column":56},"end":{"line":106,"column":67}},{"start":{"line":106,"column":71},"end":{"line":106,"column":73}}],"line":106},"12":{"loc":{"start":{"line":138,"column":4},"end":{"line":138,"column":75}},"type":"if","locations":[{"start":{"line":138,"column":4},"end":{"line":138,"column":75}},{"start":{},"end":{}}],"line":138},"13":{"loc":{"start":{"line":140,"column":20},"end":{"line":140,"column":35}},"type":"binary-expr","locations":[{"start":{"line":140,"column":20},"end":{"line":140,"column":27}},{"start":{"line":140,"column":31},"end":{"line":140,"column":35}}],"line":140},"14":{"loc":{"start":{"line":155,"column":4},"end":{"line":155,"column":36}},"type":"if","locations":[{"start":{"line":155,"column":4},"end":{"line":155,"column":36}},{"start":{},"end":{}}],"line":155},"15":{"loc":{"start":{"line":162,"column":4},"end":{"line":165,"column":5}},"type":"if","locations":[{"start":{"line":162,"column":4},"end":{"line":165,"column":5}},{"start":{},"end":{}}],"line":162},"16":{"loc":{"start":{"line":174,"column":4},"end":{"line":174,"column":31}},"type":"if","locations":[{"start":{"line":174,"column":4},"end":{"line":174,"column":31}},{"start":{},"end":{}}],"line":174},"17":{"loc":{"start":{"line":187,"column":4},"end":{"line":187,"column":86}},"type":"if","locations":[{"start":{"line":187,"column":4},"end":{"line":187,"column":86}},{"start":{},"end":{}}],"line":187},"18":{"loc":{"start":{"line":198,"column":16},"end":{"line":198,"column":29}},"type":"default-arg","locations":[{"start":{"line":198,"column":23},"end":{"line":198,"column":29}}],"line":198},"19":{"loc":{"start":{"line":198,"column":31},"end":{"line":198,"column":46}},"type":"default-arg","locations":[{"start":{"line":198,"column":42},"end":{"line":198,"column":46}}],"line":198},"20":{"loc":{"start":{"line":199,"column":4},"end":{"line":199,"column":25}},"type":"if","locations":[{"start":{"line":199,"column":4},"end":{"line":199,"column":25}},{"start":{},"end":{}}],"line":199},"21":{"loc":{"start":{"line":204,"column":4},"end":{"line":206,"column":5}},"type":"if","locations":[{"start":{"line":204,"column":4},"end":{"line":206,"column":5}},{"start":{},"end":{}}],"line":204},"22":{"loc":{"start":{"line":212,"column":4},"end":{"line":215,"column":5}},"type":"if","locations":[{"start":{"line":212,"column":4},"end":{"line":215,"column":5}},{"start":{},"end":{}}],"line":212},"23":{"loc":{"start":{"line":212,"column":8},"end":{"line":212,"column":56}},"type":"binary-expr","locations":[{"start":{"line":212,"column":8},"end":{"line":212,"column":13}},{"start":{"line":212,"column":17},"end":{"line":212,"column":56}}],"line":212},"24":{"loc":{"start":{"line":252,"column":14},"end":{"line":252,"column":67}},"type":"default-arg","locations":[{"start":{"line":252,"column":65},"end":{"line":252,"column":67}}],"line":252},"25":{"loc":{"start":{"line":256,"column":31},"end":{"line":256,"column":80}},"type":"cond-expr","locations":[{"start":{"line":256,"column":41},"end":{"line":256,"column":73}},{"start":{"line":256,"column":76},"end":{"line":256,"column":80}}],"line":256},"26":{"loc":{"start":{"line":304,"column":4},"end":{"line":307,"column":5}},"type":"if","locations":[{"start":{"line":304,"column":4},"end":{"line":307,"column":5}},{"start":{},"end":{}}],"line":304},"27":{"loc":{"start":{"line":310,"column":4},"end":{"line":312,"column":5}},"type":"if","locations":[{"start":{"line":310,"column":4},"end":{"line":312,"column":5}},{"start":{},"end":{}}],"line":310},"28":{"loc":{"start":{"line":319,"column":4},"end":{"line":321,"column":5}},"type":"if","locations":[{"start":{"line":319,"column":4},"end":{"line":321,"column":5}},{"start":{},"end":{}}],"line":319},"29":{"loc":{"start":{"line":327,"column":4},"end":{"line":327,"column":72}},"type":"if","locations":[{"start":{"line":327,"column":4},"end":{"line":327,"column":72}},{"start":{},"end":{}}],"line":327},"30":{"loc":{"start":{"line":334,"column":0},"end":{"line":348,"column":1}},"type":"if","locations":[{"start":{"line":334,"column":0},"end":{"line":348,"column":1}},{"start":{},"end":{}}],"line":334},"31":{"loc":{"start":{"line":334,"column":4},"end":{"line":334,"column":92}},"type":"binary-expr","locations":[{"start":{"line":334,"column":4},"end":{"line":334,"column":33}},{"start":{"line":334,"column":37},"end":{"line":334,"column":68}},{"start":{"line":334,"column":72},"end":{"line":334,"column":92}}],"line":334},"32":{"loc":{"start":{"line":352,"column":0},"end":{"line":354,"column":1}},"type":"if","locations":[{"start":{"line":352,"column":0},"end":{"line":354,"column":1}},{"start":{},"end":{}}],"line":352},"33":{"loc":{"start":{"line":352,"column":4},"end":{"line":352,"column":51}},"type":"binary-expr","locations":[{"start":{"line":352,"column":4},"end":{"line":352,"column":33}},{"start":{"line":352,"column":37},"end":{"line":352,"column":51}}],"line":352}},"s":{"0":29,"1":1,"2":28,"3":28,"4":28,"5":28,"6":28,"7":2,"8":2,"9":1,"10":67,"11":2,"12":65,"13":19,"14":1,"15":18,"16":18,"17":51,"18":18,"19":2,"20":14,"21":22,"22":1,"23":21,"24":21,"25":19,"26":19,"27":1,"28":2,"29":2,"30":26,"31":61,"32":1,"33":60,"34":1,"35":59,"36":26,"37":5,"38":4,"39":2,"40":26,"41":1,"42":25,"43":25,"44":25,"45":24,"46":1,"47":22,"48":1,"49":21,"50":21,"51":62,"52":17,"53":15,"54":15,"55":5,"56":83,"57":2,"58":81,"59":81,"60":34,"61":1,"62":33,"63":33,"64":31,"65":1,"66":30,"67":30,"68":30,"69":30,"70":20,"71":1,"72":30,"73":14,"74":13,"75":13,"76":18,"77":11,"78":9,"79":10,"80":30,"81":30,"82":30,"83":30,"84":30,"85":15,"86":15,"87":15,"88":15,"89":15,"90":10,"91":15,"92":45,"93":15,"94":15,"95":15,"96":3,"97":15,"98":2,"99":15,"100":3,"101":10,"102":10,"103":3,"104":12,"105":12,"106":2,"107":2,"108":10,"109":10,"110":10,"111":10,"112":10,"113":10,"114":2,"115":9,"116":9,"117":9,"118":9,"119":1,"120":0,"121":0,"122":0,"123":0,"124":1,"125":1},"f":{"0":29,"1":2,"2":2,"3":67,"4":19,"5":51,"6":2,"7":14,"8":22,"9":19,"10":1,"11":2,"12":2,"13":26,"14":61,"15":26,"16":5,"17":4,"18":2,"19":26,"20":24,"21":1,"22":22,"23":62,"24":17,"25":5,"26":83,"27":34,"28":31,"29":1,"30":14,"31":18,"32":11,"33":9,"34":10,"35":30,"36":15,"37":10,"38":45,"39":15,"40":3,"41":2,"42":3,"43":10,"44":12,"45":10,"46":9,"47":0},"b":{"0":[1,28],"1":[21,7],"2":[1,1],"3":[2,65],"4":[67,66],"5":[1,18],"6":[1,21],"7":[1,60],"8":[1,59],"9":[60,60],"10":[59,10],"11":[59,59],"12":[1,25],"13":[25,4],"14":[1,21],"15":[15,2],"16":[2,81],"17":[1,33],"18":[8],"19":[10],"20":[1,30],"21":[20,10],"22":[13,1],"23":[14,14],"24":[0],"25":[15,0],"26":[2,10],"27":[10,0],"28":[2,8],"29":[9,0],"30":[0,1],"31":[1,1,1],"32":[1,0],"33":[1,1]},"_coverageSchema":"1a1c01bbd47fc00a2c39e90264f33305004495a9","hash":"65259e6f7ef03177f96a778dd9db9ee3ba8b47d1"}
}
