TN:
SF:app.js
FN:14,(anonymous_0)
FN:17,(anonymous_1)
FN:21,(anonymous_2)
FN:28,(anonymous_3)
FN:34,(anonymous_4)
FN:38,(anonymous_5)
FN:45,(anonymous_6)
FN:50,(anonymous_7)
FN:61,(anonymous_8)
FN:68,(anonymous_9)
FN:74,(anonymous_10)
FN:79,(anonymous_11)
FN:84,(anonymous_12)
FN:92,(anonymous_13)
FN:101,(anonymous_14)
FN:110,(anonymous_15)
FN:115,(anonymous_16)
FN:120,(anonymous_17)
FN:125,(anonymous_18)
FN:137,(anonymous_19)
FN:145,(anonymous_20)
FN:149,(anonymous_21)
FN:154,(anonymous_22)
FN:157,(anonymous_23)
FN:161,(anonymous_24)
FN:169,(anonymous_25)
FN:173,(anonymous_26)
FN:186,(anonymous_27)
FN:198,(anonymous_28)
FN:205,(anonymous_29)
FN:211,(anonymous_30)
FN:214,(anonymous_31)
FN:219,(anonymous_32)
FN:220,(anonymous_33)
FN:224,(anonymous_34)
FN:228,(anonymous_35)
FN:252,(anonymous_36)
FN:258,(anonymous_37)
FN:261,(anonymous_38)
FN:269,(anonymous_39)
FN:272,(anonymous_40)
FN:280,(anonymous_41)
FN:288,(anonymous_42)
FN:291,(anonymous_43)
FN:302,(anonymous_44)
FN:316,(anonymous_45)
FN:325,(anonymous_46)
FN:335,(anonymous_47)
FNF:48
FNH:47
FNDA:29,(anonymous_0)
FNDA:2,(anonymous_1)
FNDA:2,(anonymous_2)
FNDA:67,(anonymous_3)
FNDA:19,(anonymous_4)
FNDA:51,(anonymous_5)
FNDA:2,(anonymous_6)
FNDA:14,(anonymous_7)
FNDA:22,(anonymous_8)
FNDA:19,(anonymous_9)
FNDA:1,(anonymous_10)
FNDA:2,(anonymous_11)
FNDA:2,(anonymous_12)
FNDA:26,(anonymous_13)
FNDA:61,(anonymous_14)
FNDA:26,(anonymous_15)
FNDA:5,(anonymous_16)
FNDA:4,(anonymous_17)
FNDA:2,(anonymous_18)
FNDA:26,(anonymous_19)
FNDA:24,(anonymous_20)
FNDA:1,(anonymous_21)
FNDA:22,(anonymous_22)
FNDA:62,(anonymous_23)
FNDA:17,(anonymous_24)
FNDA:5,(anonymous_25)
FNDA:83,(anonymous_26)
FNDA:34,(anonymous_27)
FNDA:31,(anonymous_28)
FNDA:1,(anonymous_29)
FNDA:14,(anonymous_30)
FNDA:18,(anonymous_31)
FNDA:11,(anonymous_32)
FNDA:9,(anonymous_33)
FNDA:10,(anonymous_34)
FNDA:30,(anonymous_35)
FNDA:15,(anonymous_36)
FNDA:10,(anonymous_37)
FNDA:45,(anonymous_38)
FNDA:15,(anonymous_39)
FNDA:3,(anonymous_40)
FNDA:2,(anonymous_41)
FNDA:3,(anonymous_42)
FNDA:10,(anonymous_43)
FNDA:12,(anonymous_44)
FNDA:10,(anonymous_45)
FNDA:9,(anonymous_46)
FNDA:0,(anonymous_47)
DA:15,29
DA:16,28
DA:17,28
DA:18,28
DA:19,28
DA:21,28
DA:22,2
DA:23,2
DA:29,67
DA:30,65
DA:35,19
DA:36,18
DA:38,18
DA:39,51
DA:42,18
DA:46,2
DA:51,14
DA:62,22
DA:63,21
DA:64,21
DA:69,19
DA:70,19
DA:75,1
DA:80,2
DA:85,2
DA:93,26
DA:102,61
DA:103,60
DA:104,1
DA:106,59
DA:111,26
DA:116,5
DA:121,4
DA:126,2
DA:138,26
DA:139,25
DA:140,25
DA:141,25
DA:146,24
DA:150,1
DA:155,22
DA:156,21
DA:157,62
DA:162,17
DA:163,15
DA:164,15
DA:170,5
DA:174,83
DA:175,81
DA:176,81
DA:187,34
DA:188,33
DA:189,33
DA:199,31
DA:200,30
DA:201,30
DA:202,30
DA:204,30
DA:205,20
DA:207,30
DA:212,14
DA:213,13
DA:214,18
DA:220,11
DA:225,10
DA:229,30
DA:230,30
DA:231,30
DA:232,30
DA:233,30
DA:253,15
DA:254,15
DA:255,15
DA:256,15
DA:258,15
DA:261,15
DA:262,45
DA:265,15
DA:266,15
DA:270,15
DA:272,3
DA:278,15
DA:280,2
DA:286,15
DA:289,3
DA:292,10
DA:293,10
DA:296,3
DA:303,12
DA:304,12
DA:305,2
DA:306,2
DA:308,10
DA:309,10
DA:310,10
DA:311,10
DA:317,10
DA:319,10
DA:320,2
DA:326,9
DA:327,9
DA:328,9
DA:334,1
DA:335,0
DA:336,0
DA:345,0
DA:346,0
DA:352,1
DA:353,1
LF:109
LH:105
BRDA:15,0,0,1
BRDA:15,0,1,28
BRDA:17,1,0,21
BRDA:17,1,1,7
BRDA:23,2,0,1
BRDA:23,2,1,1
BRDA:29,3,0,2
BRDA:29,3,1,65
BRDA:29,4,0,67
BRDA:29,4,1,66
BRDA:35,5,0,1
BRDA:35,5,1,18
BRDA:62,6,0,1
BRDA:62,6,1,21
BRDA:102,7,0,1
BRDA:102,7,1,60
BRDA:103,8,0,1
BRDA:103,8,1,59
BRDA:103,9,0,60
BRDA:103,9,1,60
BRDA:106,10,0,59
BRDA:106,10,1,10
BRDA:106,11,0,59
BRDA:106,11,1,59
BRDA:138,12,0,1
BRDA:138,12,1,25
BRDA:140,13,0,25
BRDA:140,13,1,4
BRDA:155,14,0,1
BRDA:155,14,1,21
BRDA:162,15,0,15
BRDA:162,15,1,2
BRDA:174,16,0,2
BRDA:174,16,1,81
BRDA:187,17,0,1
BRDA:187,17,1,33
BRDA:198,18,0,8
BRDA:198,19,0,10
BRDA:199,20,0,1
BRDA:199,20,1,30
BRDA:204,21,0,20
BRDA:204,21,1,10
BRDA:212,22,0,13
BRDA:212,22,1,1
BRDA:212,23,0,14
BRDA:212,23,1,14
BRDA:252,24,0,0
BRDA:256,25,0,15
BRDA:256,25,1,0
BRDA:304,26,0,2
BRDA:304,26,1,10
BRDA:310,27,0,10
BRDA:310,27,1,0
BRDA:319,28,0,2
BRDA:319,28,1,8
BRDA:327,29,0,9
BRDA:327,29,1,0
BRDA:334,30,0,0
BRDA:334,30,1,1
BRDA:334,31,0,1
BRDA:334,31,1,1
BRDA:334,31,2,1
BRDA:352,32,0,1
BRDA:352,32,1,0
BRDA:352,33,0,1
BRDA:352,33,1,1
BRF:66
BRH:60
end_of_record
